Using pre-set license
Built from '2020.3/staging' branch; Version is '2020.3.22f1 (e1a7f79fd887) revision 14788599'; Using compiler version '192528614'; Build Type 'Release'
OS: 'Windows 10 Home; OS build 19042.1348; Version 2009; 64bit' Language: 'en' Physical Memory: 16316 MB
BatchMode: 1, IsHumanControllingUs: 0, StartBugReporterOnCrash: 0, Is64bit: 1, IsPro: 0

COMMAND LINE ARGUMENTS:
C:\Program Files\Unity\Hub\Editor\2020.3.22f1\Editor\Unity.exe
-adb2
-batchMode
-noUpm
-name
AssetImportWorker0
-projectPath
A:/Documents/Game Master/Game Design/Game Design Course Work Files/Game Design Work Shop - Fall 2021/Final Project/GDW-Final-Project
-logFile
Logs/AssetImportWorker0.log
-srvPort
64326
Successfully changed project path to: A:/Documents/Game Master/Game Design/Game Design Course Work Files/Game Design Work Shop - Fall 2021/Final Project/GDW-Final-Project
A:/Documents/Game Master/Game Design/Game Design Course Work Files/Game Design Work Shop - Fall 2021/Final Project/GDW-Final-Project
Using Asset Import Pipeline V2.
Refreshing native plugins compatible for Editor in 35.26 ms, found 2 plugins.
Preloading 0 native plugins for Editor in 0.00 ms.
Initialize engine version: 2020.3.22f1 (e1a7f79fd887)
[Subsystems] Discovering subsystems at path C:/Program Files/Unity/Hub/Editor/2020.3.22f1/Editor/Data/Resources/UnitySubsystems
[Subsystems] Discovering subsystems at path A:/Documents/Game Master/Game Design/Game Design Course Work Files/Game Design Work Shop - Fall 2021/Final Project/GDW-Final-Project/Assets
GfxDevice: creating device client; threaded=0
Direct3D:
    Version:  Direct3D 11.0 [level 11.1]
    Renderer: NVIDIA GeForce GTX 1660 SUPER (ID=0x21c4)
    Vendor:   
    VRAM:     5991 MB
    Driver:   30.0.14.9649
Initialize mono
Mono path[0] = 'C:/Program Files/Unity/Hub/Editor/2020.3.22f1/Editor/Data/Managed'
Mono path[1] = 'C:/Program Files/Unity/Hub/Editor/2020.3.22f1/Editor/Data/MonoBleedingEdge/lib/mono/unityjit'
Mono config path = 'C:/Program Files/Unity/Hub/Editor/2020.3.22f1/Editor/Data/MonoBleedingEdge/etc'
Using monoOptions --debugger-agent=transport=dt_socket,embedding=1,server=y,suspend=n,address=127.0.0.1:56820
Begin MonoManager ReloadAssembly
Registering precompiled unity dll's ...
Register platform support module: C:/Program Files/Unity/Hub/Editor/2020.3.22f1/Editor/Data/PlaybackEngines/WindowsStandaloneSupport/UnityEditor.WindowsStandalone.Extensions.dll
Registered in 0.002242 seconds.
Native extension for WindowsStandalone target not found
Refreshing native plugins compatible for Editor in 34.34 ms, found 2 plugins.
Preloading 0 native plugins for Editor in 0.00 ms.
Mono: successfully reloaded assembly
- Completed reload, in  1.031 seconds
Domain Reload Profiling:
	ReloadAssembly (1031ms)
		BeginReloadAssembly (51ms)
			ExecutionOrderSort (0ms)
			DisableScriptedObjects (0ms)
			BackupInstance (0ms)
			ReleaseScriptingObjects (0ms)
			CreateAndSetChildDomain (1ms)
		EndReloadAssembly (398ms)
			LoadAssemblies (49ms)
			RebuildTransferFunctionScriptingTraits (0ms)
			SetupTypeCache (132ms)
			ReleaseScriptCaches (0ms)
			RebuildScriptCaches (27ms)
			SetupLoadedEditorAssemblies (146ms)
				LogAssemblyErrors (0ms)
				InitializePlatformSupportModulesInManaged (3ms)
				SetLoadedEditorAssemblies (0ms)
				RefreshPlugins (34ms)
				BeforeProcessingInitializeOnLoad (14ms)
				ProcessInitializeOnLoadAttributes (70ms)
				ProcessInitializeOnLoadMethodAttributes (24ms)
				AfterProcessingInitializeOnLoad (0ms)
				EditorAssembliesLoaded (0ms)
			ExecutionOrderSort2 (0ms)
			AwakeInstancesAfterBackupRestoration (0ms)
Platform modules already initialized, skipping
Registering precompiled user dll's ...
Registered in 0.004213 seconds.
Begin MonoManager ReloadAssembly
Native extension for WindowsStandalone target not found
Refreshing native plugins compatible for Editor in 0.39 ms, found 2 plugins.
Preloading 0 native plugins for Editor in 0.00 ms.
Mono: successfully reloaded assembly
- Completed reload, in  0.955 seconds
Domain Reload Profiling:
	ReloadAssembly (956ms)
		BeginReloadAssembly (131ms)
			ExecutionOrderSort (0ms)
			DisableScriptedObjects (4ms)
			BackupInstance (0ms)
			ReleaseScriptingObjects (0ms)
			CreateAndSetChildDomain (16ms)
		EndReloadAssembly (767ms)
			LoadAssemblies (87ms)
			RebuildTransferFunctionScriptingTraits (0ms)
			SetupTypeCache (268ms)
			ReleaseScriptCaches (0ms)
			RebuildScriptCaches (39ms)
			SetupLoadedEditorAssemblies (293ms)
				LogAssemblyErrors (0ms)
				InitializePlatformSupportModulesInManaged (4ms)
				SetLoadedEditorAssemblies (0ms)
				RefreshPlugins (0ms)
				BeforeProcessingInitializeOnLoad (75ms)
				ProcessInitializeOnLoadAttributes (197ms)
				ProcessInitializeOnLoadMethodAttributes (8ms)
				AfterProcessingInitializeOnLoad (8ms)
				EditorAssembliesLoaded (0ms)
			ExecutionOrderSort2 (0ms)
			AwakeInstancesAfterBackupRestoration (5ms)
Platform modules already initialized, skipping
========================================================================
Worker process is ready to serve import requests
Launched and connected shader compiler UnityShaderCompiler.exe after 0.04 seconds
Refreshing native plugins compatible for Editor in 0.69 ms, found 2 plugins.
Preloading 0 native plugins for Editor in 0.00 ms.
Unloading 1910 Unused Serialized files (Serialized files now loaded: 0)
System memory in use before: 87.9 MB.
System memory in use after: 88.0 MB.

Unloading 20 unused Assets to reduce memory usage. Loaded Objects now: 2345.
Total: 4.519900 ms (FindLiveObjects: 0.884800 ms CreateObjectMapping: 0.373700 ms MarkObjects: 3.129500 ms  DeleteObjects: 0.129100 ms)

AssetImportParameters requested are different than current active one (requested -> active):
  custom:framework-win-MediaFoundation: 216162199b28c13a410421893ffa2e32 -> 
  custom:video-decoder-ogg-theora: a1e56fd34408186e4bbccfd4996cb3dc -> 
  custom:container-muxer-webm: aa71ff27fc2769a1b78a27578f13a17b -> 
  custom:container-demuxer-webm: 4f35f7cbe854078d1ac9338744f61a02 -> 
  custom:container-demuxer-ogg: 62fdf1f143b41e24485cea50d1cbac27 -> 
  custom:video-encoder-webm-vp8: eb34c28f22e8b96e1ab97ce403110664 -> 
  custom:video-decoder-webm-vp8: 9c59270c3fd7afecdb556c50c9e8de78 -> 
  custom:audio-decoder-ogg-vorbis: bf7c407c2cedff20999df2af8eb42d56 -> 
  custom:audio-encoder-webm-vorbis: bf7c407c2cedff20999df2af8eb42d56 -> 
========================================================================
Received Import Request.
  path: Assets/Models/textures/GunBar LowPoly.png
  artifactKey: Guid(8df2f3e94d4c5114bb790d9da3f913ae) Importer(815301076,1909f56bfc062723c751e8b465ee728b)
Start importing Assets/Models/textures/GunBar LowPoly.png using Guid(8df2f3e94d4c5114bb790d9da3f913ae) Importer(815301076,1909f56bfc062723c751e8b465ee728b)  -> (artifact id: '113a987ad49da6775081939fb5b98c34') in 0.100674 seconds 
  Import took 0.111098 seconds .

========================================================================
Received Import Request.
  Time since last request: 0.000229 seconds.
  path: Assets/Models/textures/Handle - foma;.png
  artifactKey: Guid(094bbbda202384d43b3158be4fcc9557) Importer(815301076,1909f56bfc062723c751e8b465ee728b)
Start importing Assets/Models/textures/Handle - foma;.png using Guid(094bbbda202384d43b3158be4fcc9557) Importer(815301076,1909f56bfc062723c751e8b465ee728b)  -> (artifact id: '58e3041386db7f23b3fdf279c3086991') in 0.025779 seconds 
  Import took 0.029045 seconds .

========================================================================
Received Import Request.
  Time since last request: 0.000235 seconds.
  path: Assets/Models/textures/studio_small_03_2k.hdr
  artifactKey: Guid(7faac76d3a10f94439fa38431853bc94) Importer(815301076,1909f56bfc062723c751e8b465ee728b)
Start importing Assets/Models/textures/studio_small_03_2k.hdr using Guid(7faac76d3a10f94439fa38431853bc94) Importer(815301076,1909f56bfc062723c751e8b465ee728b)  -> (artifact id: '33d56b532c4caa5902ed1df93b60c4a7') in 0.044120 seconds 
  Import took 0.054046 seconds .

========================================================================
Received Import Request.
  Time since last request: 2.724820 seconds.
  path: Assets/Models/GDW Final Weapon - Shotgun.fbx
  artifactKey: Guid(e8befbcf61d02084d8079bd8d71bfc59) Importer(815301076,1909f56bfc062723c751e8b465ee728b)
Start importing Assets/Models/GDW Final Weapon - Shotgun.fbx using Guid(e8befbcf61d02084d8079bd8d71bfc59) Importer(815301076,1909f56bfc062723c751e8b465ee728b)  -> (artifact id: '93e5a3f8793fc638fb8a2c47917ed8ca') in 0.112169 seconds 
  Import took 0.115193 seconds .

========================================================================
Received Import Request.
  Time since last request: 356.472782 seconds.
  path: Assets/Models/textures/Metal Texture.png
  artifactKey: Guid(042dfadd3c400694793e7cb4dedbfe0f) Importer(815301076,1909f56bfc062723c751e8b465ee728b)
Start importing Assets/Models/textures/Metal Texture.png using Guid(042dfadd3c400694793e7cb4dedbfe0f) Importer(815301076,1909f56bfc062723c751e8b465ee728b)  -> (artifact id: '2d34b453d6e700ff1a514f2bf3091269') in 0.015573 seconds 
  Import took 0.019042 seconds .

========================================================================
Received Import Request.
  Time since last request: 2.561163 seconds.
  path: Assets/Models/textures/WoodUV.png
  artifactKey: Guid(3dacaa319f86a5144b31d9a3920c0bee) Importer(815301076,1909f56bfc062723c751e8b465ee728b)
Start importing Assets/Models/textures/WoodUV.png using Guid(3dacaa319f86a5144b31d9a3920c0bee) Importer(815301076,1909f56bfc062723c751e8b465ee728b)  -> (artifact id: '0665230ca4deff3d9b824e90f96f2413') in 0.010325 seconds 
  Import took 0.014094 seconds .

========================================================================
Received Import Request.
  Time since last request: 42.007359 seconds.
  path: Assets/Models/textures/Metal Texture.png
  artifactKey: Guid(042dfadd3c400694793e7cb4dedbfe0f) Importer(815301076,1909f56bfc062723c751e8b465ee728b)
Start importing Assets/Models/textures/Metal Texture.png using Guid(042dfadd3c400694793e7cb4dedbfe0f) Importer(815301076,1909f56bfc062723c751e8b465ee728b)  -> (artifact id: 'e79dd73d01657986fa97cf4e08832289') in 0.007474 seconds 
  Import took 0.024355 seconds .

========================================================================
Received Import Request.
  Time since last request: 6.750673 seconds.
  path: Assets/Models/textures/Metal Texture.png
  artifactKey: Guid(042dfadd3c400694793e7cb4dedbfe0f) Importer(815301076,1909f56bfc062723c751e8b465ee728b)
Start importing Assets/Models/textures/Metal Texture.png using Guid(042dfadd3c400694793e7cb4dedbfe0f) Importer(815301076,1909f56bfc062723c751e8b465ee728b)  -> (artifact id: 'c3a7aa63318c552ada992c29fb89c9c6') in 0.010779 seconds 
  Import took 0.013706 seconds .

========================================================================
Received Import Request.
  Time since last request: 25.748086 seconds.
  path: Assets/Models/textures/WoodUV.png
  artifactKey: Guid(3dacaa319f86a5144b31d9a3920c0bee) Importer(815301076,1909f56bfc062723c751e8b465ee728b)
Start importing Assets/Models/textures/WoodUV.png using Guid(3dacaa319f86a5144b31d9a3920c0bee) Importer(815301076,1909f56bfc062723c751e8b465ee728b)  -> (artifact id: 'daff7d30a0b584a1922e8068937b002d') in 0.013037 seconds 
  Import took 0.017059 seconds .

========================================================================
Received Prepare
Registering precompiled user dll's ...
Registered in 0.004616 seconds.
Begin MonoManager ReloadAssembly
Native extension for WindowsStandalone target not found
Refreshing native plugins compatible for Editor in 0.54 ms, found 2 plugins.
Preloading 0 native plugins for Editor in 0.00 ms.
Mono: successfully reloaded assembly
- Completed reload, in  0.978 seconds
Domain Reload Profiling:
	ReloadAssembly (978ms)
		BeginReloadAssembly (124ms)
			ExecutionOrderSort (0ms)
			DisableScriptedObjects (4ms)
			BackupInstance (0ms)
			ReleaseScriptingObjects (0ms)
			CreateAndSetChildDomain (31ms)
		EndReloadAssembly (797ms)
			LoadAssemblies (87ms)
			RebuildTransferFunctionScriptingTraits (0ms)
			SetupTypeCache (269ms)
			ReleaseScriptCaches (1ms)
			RebuildScriptCaches (34ms)
			SetupLoadedEditorAssemblies (324ms)
				LogAssemblyErrors (0ms)
				InitializePlatformSupportModulesInManaged (6ms)
				SetLoadedEditorAssemblies (0ms)
				RefreshPlugins (1ms)
				BeforeProcessingInitializeOnLoad (70ms)
				ProcessInitializeOnLoadAttributes (232ms)
				ProcessInitializeOnLoadMethodAttributes (9ms)
				AfterProcessingInitializeOnLoad (7ms)
				EditorAssembliesLoaded (0ms)
			ExecutionOrderSort2 (0ms)
			AwakeInstancesAfterBackupRestoration (6ms)
Platform modules already initialized, skipping
Refreshing native plugins compatible for Editor in 0.40 ms, found 2 plugins.
Preloading 0 native plugins for Editor in 0.00 ms.
Unloading 1869 Unused Serialized files (Serialized files now loaded: 0)
System memory in use before: 87.7 MB.
System memory in use after: 87.8 MB.

Unloading 15 unused Assets to reduce memory usage. Loaded Objects now: 2393.
Total: 2.819600 ms (FindLiveObjects: 0.182100 ms CreateObjectMapping: 0.063700 ms MarkObjects: 2.492900 ms  DeleteObjects: 0.080100 ms)

AssetImportParameters requested are different than current active one (requested -> active):
  custom:framework-win-MediaFoundation: 216162199b28c13a410421893ffa2e32 -> 
  custom:video-decoder-ogg-theora: a1e56fd34408186e4bbccfd4996cb3dc -> 
  custom:container-muxer-webm: aa71ff27fc2769a1b78a27578f13a17b -> 
  custom:container-demuxer-webm: 4f35f7cbe854078d1ac9338744f61a02 -> 
  custom:container-demuxer-ogg: 62fdf1f143b41e24485cea50d1cbac27 -> 
  custom:video-encoder-webm-vp8: eb34c28f22e8b96e1ab97ce403110664 -> 
  custom:video-decoder-webm-vp8: 9c59270c3fd7afecdb556c50c9e8de78 -> 
  custom:audio-decoder-ogg-vorbis: bf7c407c2cedff20999df2af8eb42d56 -> 
  custom:audio-encoder-webm-vorbis: bf7c407c2cedff20999df2af8eb42d56 -> 
========================================================================
Received Import Request.
  Time since last request: 87.543367 seconds.
  path: Assets/Scenes 1
  artifactKey: Guid(b049e502a7b19154f945ce4c442d698a) Importer(815301076,1909f56bfc062723c751e8b465ee728b)
Start importing Assets/Scenes 1 using Guid(b049e502a7b19154f945ce4c442d698a) Importer(815301076,1909f56bfc062723c751e8b465ee728b)  -> (artifact id: '22ab743ad1d3713f50db7be3a2053220') in 0.005475 seconds 
  Import took 0.010675 seconds .

========================================================================
Received Import Request.
  Time since last request: 3192.458605 seconds.
  path: Assets/Prefabs/Player.prefab
  artifactKey: Guid(363fb24c0f0307248963ad31acd3bac0) Importer(815301076,1909f56bfc062723c751e8b465ee728b)
Start importing Assets/Prefabs/Player.prefab using Guid(363fb24c0f0307248963ad31acd3bac0) Importer(815301076,1909f56bfc062723c751e8b465ee728b)  -> (artifact id: 'ad4fe73ed706bc126639c8866db80122') in 0.180648 seconds 
  Import took 0.186500 seconds .

========================================================================
Received Import Request.
  Time since last request: 32.822233 seconds.
  path: Assets/Prefabs/Player 1.prefab
  artifactKey: Guid(4169fde915abacb41baa7910195dfe6e) Importer(815301076,1909f56bfc062723c751e8b465ee728b)
Start importing Assets/Prefabs/Player 1.prefab using Guid(4169fde915abacb41baa7910195dfe6e) Importer(815301076,1909f56bfc062723c751e8b465ee728b)  -> (artifact id: 'fc012fe728c7331e454473a106a5b64c') in 0.016256 seconds 
  Import took 0.020461 seconds .

========================================================================
Received Import Request.
  Time since last request: 9.675691 seconds.
  path: Assets/Prefabs/Player.prefab
  artifactKey: Guid(363fb24c0f0307248963ad31acd3bac0) Importer(815301076,1909f56bfc062723c751e8b465ee728b)
Start importing Assets/Prefabs/Player.prefab using Guid(363fb24c0f0307248963ad31acd3bac0) Importer(815301076,1909f56bfc062723c751e8b465ee728b)  -> (artifact id: '5029f3527fc1e6ecb9867161bdf5cdfa') in 0.023000 seconds 
  Import took 0.026819 seconds .

========================================================================
Received Import Request.
  Time since last request: 9.268381 seconds.
  path: Assets/Prefabs/Placeholder Impact.prefab
  artifactKey: Guid(fc47d19d77d591e4b9a01fed068aacff) Importer(815301076,1909f56bfc062723c751e8b465ee728b)
Start importing Assets/Prefabs/Placeholder Impact.prefab using Guid(fc47d19d77d591e4b9a01fed068aacff) Importer(815301076,1909f56bfc062723c751e8b465ee728b)  -> (artifact id: '4836a355d463e32210102059020fdb22') in 0.009382 seconds 
  Import took 0.012253 seconds .

========================================================================
Received Import Request.
  Time since last request: 1.872793 seconds.
  path: Assets/Prefabs/Placeholder Target.prefab
  artifactKey: Guid(75b2cb54d2aa48740ae1737224555b14) Importer(815301076,1909f56bfc062723c751e8b465ee728b)
Start importing Assets/Prefabs/Placeholder Target.prefab using Guid(75b2cb54d2aa48740ae1737224555b14) Importer(815301076,1909f56bfc062723c751e8b465ee728b)  -> (artifact id: 'c110922612707eb1510b3806c00d42ac') in 0.010004 seconds 
  Import took 0.012764 seconds .

========================================================================
Received Import Request.
  Time since last request: 60.267090 seconds.
  path: Assets/Scenes/Level1Test.unity
  artifactKey: Guid(f06def8cc8a08e445bb12465d222ecf6) Importer(815301076,1909f56bfc062723c751e8b465ee728b)
Start importing Assets/Scenes/Level1Test.unity using Guid(f06def8cc8a08e445bb12465d222ecf6) Importer(815301076,1909f56bfc062723c751e8b465ee728b)  -> (artifact id: 'f7cef1d701804e96bbec4d82c5ddf750') in 0.004885 seconds 
  Import took 0.008471 seconds .

AssetImportWorkerClient::OnTransportError - code=2 error=End of file
